<?xml version="1.0" encoding="UTF-8"?>
<!-- Generated by org.testng.reporters.JUnitReportReporter -->
<testsuite hostname="DESKTOP-OGFK6VP" failures="0" tests="1" name="seleniumexamples.WindowHandlesExample" time="31.178" errors="0" timestamp="2024-03-30T00:23:56 IST" skipped="0">
  <testcase classname="seleniumexamples.WindowHandlesExample" name="win" time="31.178"/>
  <system-out/>
</testsuite> <!-- seleniumexamples.WindowHandlesExample -->
