<?xml version="1.0" encoding="UTF-8"?>
<!-- Generated by org.testng.reporters.JUnitReportReporter -->
<testsuite hostname="DESKTOP-OGFK6VP" failures="0" tests="1" name="com.orange.Utils.Web_ORforLocators" time="0.368" errors="0" timestamp="2024-03-20T22:48:52 IST" skipped="0">
  <testcase classname="com.orange.Utils.Web_ORforLocators" name="initializeLocators" time="0.368"/>
  <system-out/>
</testsuite> <!-- com.orange.Utils.Web_ORforLocators -->
