<?xml version="1.0" encoding="UTF-8"?>
<!-- Generated by org.testng.reporters.JUnitReportReporter -->
<testsuite hostname="DESKTOP-OGFK6VP" failures="0" tests="1" name="working.pack.Sample" time="11.413" errors="0" timestamp="2024-03-21T01:18:27 IST" skipped="0">
  <testcase classname="working.pack.Sample" name="test1" time="11.413"/>
  <system-out/>
</testsuite> <!-- working.pack.Sample -->
