<?xml version="1.0" encoding="UTF-8"?>
<!-- Generated by org.testng.reporters.JUnitReportReporter -->
<testsuite hostname="DESKTOP-OGFK6VP" failures="0" tests="1" name="working.pack.IntializeAppiumServer" time="0.101" errors="0" timestamp="2024-03-21T19:31:12 IST" skipped="0">
  <testcase classname="working.pack.IntializeAppiumServer" name="getAppiumintance" time="0.101"/>
  <system-out/>
</testsuite> <!-- working.pack.IntializeAppiumServer -->
