<?xml version="1.0" encoding="UTF-8"?>
<!-- Generated by org.testng.reporters.JUnitReportReporter -->
<testsuite hostname="DESKTOP-OGFK6VP" failures="0" tests="1" name="seleniumexamples.AutoExamples" time="21.397" errors="0" timestamp="2024-04-09T01:50:50 IST" skipped="0">
  <testcase classname="seleniumexamples.AutoExamples" name="test" time="21.397"/>
  <system-out/>
</testsuite> <!-- seleniumexamples.AutoExamples -->
