<?xml version="1.0" encoding="UTF-8"?>
<!-- Generated by org.testng.reporters.JUnitReportReporter -->
<testsuite hostname="DESKTOP-OGFK6VP" failures="0" tests="14" name="com.orange.testrunner.TestRunnerParallel" time="36.372" errors="0" timestamp="2024-03-28T01:52:19 IST" skipped="0">
  <testcase classname="com.orange.testrunner.TestRunnerParallel" name="runScenario" time="0.173"/>
  <system-out/>
  <testcase classname="com.orange.testrunner.TestRunnerParallel" name="runScenario" time="11.643"/>
  <system-out/>
  <testcase classname="com.orange.testrunner.TestRunnerParallel" name="runScenario" time="0.175"/>
  <system-out/>
  <testcase classname="com.orange.testrunner.TestRunnerParallel" name="runScenario" time="0.027"/>
  <system-out/>
  <testcase classname="com.orange.testrunner.TestRunnerParallel" name="runScenario" time="0.173"/>
  <system-out/>
  <testcase classname="com.orange.testrunner.TestRunnerParallel" name="runScenario" time="0.028"/>
  <system-out/>
  <testcase classname="com.orange.testrunner.TestRunnerParallel" name="runScenario" time="0.174"/>
  <system-out/>
  <testcase classname="com.orange.testrunner.TestRunnerParallel" name="runScenario" time="11.700"/>
  <system-out/>
  <testcase classname="com.orange.testrunner.TestRunnerParallel" name="runScenario" time="0.023"/>
  <system-out/>
  <testcase classname="com.orange.testrunner.TestRunnerParallel" name="runScenario" time="0.173"/>
  <system-out/>
  <testcase classname="com.orange.testrunner.TestRunnerParallel" name="runScenario" time="11.701"/>
  <system-out/>
  <testcase classname="com.orange.testrunner.TestRunnerParallel" name="runScenario" time="0.035"/>
  <system-out/>
  <testcase classname="com.orange.testrunner.TestRunnerParallel" name="runScenario" time="0.174"/>
  <system-out/>
  <testcase classname="com.orange.testrunner.TestRunnerParallel" name="runScenario" time="0.173"/>
  <system-out/>
</testsuite> <!-- com.orange.testrunner.TestRunnerParallel -->
