<?xml version="1.0" encoding="UTF-8"?>
<!-- Generated by org.testng.reporters.JUnitReportReporter -->
<testsuite hostname="DESKTOP-OGFK6VP" failures="0" tests="1" name="working.pack.AppiumClick" time="6.870" errors="0" timestamp="2024-03-24T20:35:10 IST" skipped="0">
  <testcase classname="working.pack.AppiumClick" name="setupCap" time="6.870"/>
  <system-out/>
</testsuite> <!-- working.pack.AppiumClick -->
