<?xml version="1.0" encoding="UTF-8"?>
<!-- Generated by org.testng.reporters.JUnitReportReporter -->
<testsuite hostname="DESKTOP-OGFK6VP" failures="0" tests="1" name="seleniumexamples.Allaboutfiles" time="0.006" errors="0" timestamp="2024-04-08T12:03:53 IST" skipped="0">
  <testcase classname="seleniumexamples.Allaboutfiles" name="filesex1" time="0.006"/>
  <system-out/>
</testsuite> <!-- seleniumexamples.Allaboutfiles -->
