<?xml version="1.0" encoding="UTF-8"?>
<!-- Generated by org.testng.reporters.JUnitReportReporter -->
<testsuite hostname="DESKTOP-OGFK6VP" failures="0" tests="1" name="seleniumexamples.BrookenLinks2" time="8.485" errors="0" timestamp="2024-04-01T09:03:21 IST" skipped="0">
  <testcase classname="seleniumexamples.BrookenLinks2" name="brokenLinks" time="8.485"/>
  <system-out/>
</testsuite> <!-- seleniumexamples.BrookenLinks2 -->
