<?xml version="1.0" encoding="UTF-8"?>
<!-- Generated by org.testng.reporters.JUnitReportReporter -->
<testsuite hostname="DESKTOP-OGFK6VP" failures="0" tests="1" name="seleniumexamples.CookieExample" time="24.558" errors="0" timestamp="2024-04-02T11:29:01 IST" skipped="0">
  <testcase classname="seleniumexamples.CookieExample" name="cookex" time="24.558"/>
  <system-out/>
</testsuite> <!-- seleniumexamples.CookieExample -->
