<?xml version="1.0" encoding="UTF-8"?>
<!-- Generated by org.testng.reporters.JUnitReportReporter -->
<testsuite hostname="DESKTOP-OGFK6VP" failures="0" tests="1" name="com.mobile.orange.Utils.ADButils" time="0.103" errors="0" timestamp="2024-04-11T20:49:36 IST" skipped="0">
  <testcase classname="com.mobile.orange.Utils.ADButils" name="startADBServer" time="0.103"/>
  <system-out/>
</testsuite> <!-- com.mobile.orange.Utils.ADButils -->
