<?xml version="1.0" encoding="UTF-8"?>
<!-- Generated by org.testng.reporters.JUnitReportReporter -->
<testsuite hostname="DESKTOP-OGFK6VP" failures="0" tests="1" name="seleniumexamples.Scrollall" time="20.257" errors="0" timestamp="2024-04-02T12:00:27 IST" skipped="0">
  <testcase classname="seleniumexamples.Scrollall" name="scrollex" time="20.257"/>
  <system-out/>
</testsuite> <!-- seleniumexamples.Scrollall -->
