<?xml version="1.0" encoding="UTF-8"?>
<!-- Generated by org.testng.reporters.JUnitReportReporter -->
<testsuite hostname="DESKTOP-OGFK6VP" failures="0" tests="1" name="working.pack.AppiumClick" time="6.696" errors="0" timestamp="2024-04-11T23:16:08 IST" skipped="0">
  <testcase classname="working.pack.AppiumClick" name="setupCap" time="6.696"/>
  <system-out/>
</testsuite> <!-- working.pack.AppiumClick -->
