<?xml version="1.0" encoding="UTF-8"?>
<!-- Generated by org.testng.reporters.JUnitReportReporter -->
<testsuite hostname="DESKTOP-OGFK6VP" failures="0" tests="1" name="com.orange.Utils.UserActions" time="18.104" errors="0" timestamp="2024-03-16T17:16:17 IST" skipped="0">
  <testcase classname="com.orange.Utils.UserActions" name="openURL" time="18.104"/>
  <system-out/>
</testsuite> <!-- com.orange.Utils.UserActions -->
