<?xml version="1.0" encoding="UTF-8"?>
<!-- Generated by org.testng.reporters.JUnitReportReporter -->
<testsuite hostname="DESKTOP-OGFK6VP" failures="0" tests="1" name="seleniumexamples.UploadFileExample" time="5.228" errors="0" timestamp="2024-04-04T17:46:21 IST" skipped="0">
  <testcase classname="seleniumexamples.UploadFileExample" name="uploadFileEx1" time="5.228"/>
  <system-out/>
</testsuite> <!-- seleniumexamples.UploadFileExample -->
