<?xml version="1.0" encoding="UTF-8"?>
<!-- Generated by org.testng.reporters.JUnitReportReporter -->
<testsuite hostname="DESKTOP-OGFK6VP" failures="0" tests="1" name="com.orange.BaseClass" time="2.312" errors="0" timestamp="2024-03-16T16:17:01 IST" skipped="0">
  <testcase classname="com.orange.BaseClass" name="IntializeDriver" time="2.312"/>
  <system-out/>
</testsuite> <!-- com.orange.BaseClass -->
