<?xml version="1.0" encoding="UTF-8"?>
<!-- Generated by org.testng.reporters.JUnitReportReporter -->
<testsuite hostname="DESKTOP-OGFK6VP" failures="0" tests="1" name="working.pack.AppiumContext" time="27.591" errors="0" timestamp="2024-03-25T18:29:38 IST" skipped="0">
  <testcase classname="working.pack.AppiumContext" name="appiumcontext" time="27.591"/>
  <system-out/>
</testsuite> <!-- working.pack.AppiumContext -->
