<?xml version="1.0" encoding="UTF-8"?>
<!-- Generated by org.testng.reporters.JUnitReportReporter -->
<testsuite hostname="DESKTOP-OGFK6VP" failures="0" tests="1" name="seleniumexamples.DownloadFileExample" time="1.378" errors="0" timestamp="2024-04-06T12:09:37 IST" skipped="0">
  <testcase classname="seleniumexamples.DownloadFileExample" name="ex1" time="1.378"/>
  <system-out/>
</testsuite> <!-- seleniumexamples.DownloadFileExample -->
