<?xml version="1.0" encoding="UTF-8"?>
<!-- Generated by org.testng.reporters.JUnitReportReporter -->
<testsuite hostname="DESKTOP-OGFK6VP" failures="0" tests="1" name="seleniumexamples.PropertiesExample" time="0.061" errors="0" timestamp="2024-04-08T10:27:28 IST" skipped="0">
  <testcase classname="seleniumexamples.PropertiesExample" name="ex1" time="0.061"/>
  <system-out/>
</testsuite> <!-- seleniumexamples.PropertiesExample -->
