<?xml version="1.0" encoding="UTF-8"?>
<!-- Generated by org.testng.reporters.JUnitReportReporter -->
<testsuite hostname="DESKTOP-OGFK6VP" failures="0" tests="1" name="seleniumexamples.Draganddropexample" time="7.671" errors="0" timestamp="2024-03-31T13:45:32 IST" skipped="0">
  <testcase classname="seleniumexamples.Draganddropexample" name="drag1" time="7.671"/>
  <system-out/>
</testsuite> <!-- seleniumexamples.Draganddropexample -->
