<?xml version="1.0" encoding="UTF-8"?>
<!-- Generated by org.testng.reporters.JUnitReportReporter -->
<testsuite hostname="DESKTOP-OGFK6VP" failures="0" tests="1" name="seleniumexamples.ActionsExamples" time="20.323" errors="0" timestamp="2024-03-30T21:54:46 IST" skipped="0">
  <testcase classname="seleniumexamples.ActionsExamples" name="mouseexamples" time="20.323"/>
  <system-out/>
</testsuite> <!-- seleniumexamples.ActionsExamples -->
