<?xml version="1.0" encoding="UTF-8"?>
<!-- Generated by org.testng.reporters.JUnitReportReporter -->
<testsuite hostname="DESKTOP-OGFK6VP" failures="0" tests="1" name="seleniumexamples.SelectExamples" time="10.556" errors="0" timestamp="2024-03-31T14:13:00 IST" skipped="0">
  <testcase classname="seleniumexamples.SelectExamples" name="sel1" time="10.556"/>
  <system-out/>
</testsuite> <!-- seleniumexamples.SelectExamples -->
