<?xml version="1.0" encoding="UTF-8"?>
<!-- Generated by org.testng.reporters.JUnitReportReporter -->
<testsuite hostname="DESKTOP-OGFK6VP" failures="0" tests="1" name="com.mobile.orange.pages.Sample1" time="17.516" errors="0" timestamp="2024-03-22T00:48:35 IST" skipped="0">
  <testcase classname="com.mobile.orange.pages.Sample1" name="test" time="17.516"/>
  <system-out/>
</testsuite> <!-- com.mobile.orange.pages.Sample1 -->
