<?xml version="1.0" encoding="UTF-8"?>
<!-- Generated by org.testng.reporters.JUnitReportReporter -->
<testsuite hostname="DESKTOP-OGFK6VP" failures="0" tests="1" name="sample.test1" time="0.285" errors="0" timestamp="2024-03-20T21:40:43 IST" skipped="0">
  <testcase classname="sample.test1" name="excel" time="0.285"/>
  <system-out/>
</testsuite> <!-- sample.test1 -->
