<?xml version="1.0" encoding="UTF-8"?>
<!-- Generated by org.testng.reporters.JUnitReportReporter -->
<testsuite hostname="DESKTOP-OGFK6VP" failures="0" tests="1" name="working.pack.AppiumZoomout" time="41.477" errors="0" timestamp="2024-04-12T21:18:39 IST" skipped="0">
  <testcase classname="working.pack.AppiumZoomout" name="appiumZoomout" time="41.477"/>
  <system-out/>
</testsuite> <!-- working.pack.AppiumZoomout -->
