<?xml version="1.0" encoding="UTF-8"?>
<!-- Generated by org.testng.reporters.JUnitReportReporter -->
<testsuite hostname="DESKTOP-OGFK6VP" failures="0" tests="1" name="seleniumexamples.ScrollExample" time="9.635" errors="0" timestamp="2024-04-02T00:17:30 IST" skipped="0">
  <testcase classname="seleniumexamples.ScrollExample" name="scrollex" time="9.635"/>
  <system-out/>
</testsuite> <!-- seleniumexamples.ScrollExample -->
