<?xml version="1.0" encoding="UTF-8"?>
<!-- Generated by org.testng.reporters.JUnitReportReporter -->
<testsuite hostname="DESKTOP-OGFK6VP" failures="0" tests="1" name="com.mobile.orange.pages.Sample1" time="12.672" errors="0" timestamp="2024-03-23T17:16:30 IST" skipped="0">
  <testcase classname="com.mobile.orange.pages.Sample1" name="test" time="12.672"/>
  <system-out/>
</testsuite> <!-- com.mobile.orange.pages.Sample1 -->
