<?xml version="1.0" encoding="UTF-8"?>
<!-- Generated by org.testng.reporters.JUnitReportReporter -->
<testsuite hostname="DESKTOP-OGFK6VP" failures="0" tests="1" name="working.pack.Zoomwith2fingers" time="17.144" errors="0" timestamp="2024-04-11T23:36:15 IST" skipped="0">
  <testcase classname="working.pack.Zoomwith2fingers" name="setupCap" time="17.144"/>
  <system-out/>
</testsuite> <!-- working.pack.Zoomwith2fingers -->
