<?xml version="1.0" encoding="UTF-8"?>
<!-- Generated by org.testng.reporters.JUnitReportReporter -->
<testsuite hostname="DESKTOP-OGFK6VP" failures="0" tests="1" name="seleniumexamples.Nooflinks" time="5.620" errors="0" timestamp="2024-03-30T20:55:01 IST" skipped="0">
  <testcase classname="seleniumexamples.Nooflinks" name="linksex" time="5.620"/>
  <system-out/>
</testsuite> <!-- seleniumexamples.Nooflinks -->
