<?xml version="1.0" encoding="UTF-8"?>
<!-- Generated by org.testng.reporters.JUnitReportReporter -->
<testsuite hostname="DESKTOP-OGFK6VP" failures="0" tests="1" name="seleniumexamples.Changingelements" time="4.035" errors="0" timestamp="2024-03-31T19:36:55 IST" skipped="0">
  <testcase classname="seleniumexamples.Changingelements" name="changing" time="4.035"/>
  <system-out/>
</testsuite> <!-- seleniumexamples.Changingelements -->
