<?xml version="1.0" encoding="UTF-8"?>
<!-- Generated by org.testng.reporters.JUnitReportReporter -->
<testsuite hostname="DESKTOP-OGFK6VP" failures="0" tests="1" name="seleniumexamples.BootStarpdropDownExamples" time="9.838" errors="0" timestamp="2024-03-31T18:09:02 IST" skipped="0">
  <testcase classname="seleniumexamples.BootStarpdropDownExamples" name="drag1" time="9.838"/>
  <system-out/>
</testsuite> <!-- seleniumexamples.BootStarpdropDownExamples -->
