<?xml version="1.0" encoding="UTF-8"?>
<!-- Generated by org.testng.reporters.JUnitReportReporter -->
<testsuite hostname="DESKTOP-OGFK6VP" failures="0" tests="1" name="seleniumexamples.ChromeOptionsExample" time="11.485" errors="0" timestamp="2024-04-10T00:33:29 IST" skipped="0">
  <testcase classname="seleniumexamples.ChromeOptionsExample" name="Example1" time="11.485"/>
  <system-out/>
</testsuite> <!-- seleniumexamples.ChromeOptionsExample -->
