<?xml version="1.0" encoding="UTF-8"?>
<!-- Generated by org.testng.reporters.JUnitReportReporter -->
<testsuite hostname="DESKTOP-OGFK6VP" failures="0" tests="1" name="working.pack.AppiumDoubleClick" time="11.350" errors="0" timestamp="2024-03-24T21:44:30 IST" skipped="0">
  <testcase classname="working.pack.AppiumDoubleClick" name="doubleClick" time="11.350"/>
  <system-out/>
</testsuite> <!-- working.pack.AppiumDoubleClick -->
