<?xml version="1.0" encoding="UTF-8"?>
<!-- Generated by org.testng.reporters.JUnitReportReporter -->
<testsuite hostname="DESKTOP-OGFK6VP" failures="0" tests="1" name="working.pack.AppiumScroll" time="12.806" errors="0" timestamp="2024-03-24T00:29:32 IST" skipped="0">
  <testcase classname="working.pack.AppiumScroll" name="test" time="12.806"/>
  <system-out/>
</testsuite> <!-- working.pack.AppiumScroll -->
