<?xml version="1.0" encoding="UTF-8"?>
<!-- Generated by org.testng.reporters.JUnitReportReporter -->
<testsuite hostname="DESKTOP-OGFK6VP" failures="0" tests="1" name="seleniumexamples.AlertsExample" time="4.452" errors="0" timestamp="2024-03-30T11:49:27 IST" skipped="0">
  <testcase classname="seleniumexamples.AlertsExample" name="alertex" time="4.452"/>
  <system-out/>
</testsuite> <!-- seleniumexamples.AlertsExample -->
