<?xml version="1.0" encoding="UTF-8"?>
<!-- Generated by org.testng.reporters.JUnitReportReporter -->
<testsuite hostname="DESKTOP-OGFK6VP" failures="0" tests="1" name="seleniumexamples.BrookenLinks" time="62.874" errors="0" timestamp="2024-04-03T22:06:06 IST" skipped="0">
  <testcase classname="seleniumexamples.BrookenLinks" name="brokenLinks" time="62.874"/>
  <system-out/>
</testsuite> <!-- seleniumexamples.BrookenLinks -->
