<?xml version="1.0" encoding="UTF-8"?>
<!-- Generated by org.testng.reporters.JUnitReportReporter -->
<testsuite hostname="DESKTOP-OGFK6VP" failures="0" tests="1" name="seleniumexamples.AutoCompleteExample" time="48.536" errors="0" timestamp="2024-04-02T22:44:10 IST" skipped="0">
  <testcase classname="seleniumexamples.AutoCompleteExample" name="example3" time="48.536"/>
  <system-out/>
</testsuite> <!-- seleniumexamples.AutoCompleteExample -->
