<?xml version="1.0" encoding="UTF-8"?>
<!-- Generated by org.testng.reporters.JUnitReportReporter -->
<testsuite hostname="DESKTOP-OGFK6VP" failures="0" tests="1" name="working.pack.AppiumLongPress" time="13.502" errors="0" timestamp="2024-03-24T22:32:26 IST" skipped="0">
  <testcase classname="working.pack.AppiumLongPress" name="longpress" time="13.502"/>
  <system-out/>
</testsuite> <!-- working.pack.AppiumLongPress -->
