<?xml version="1.0" encoding="UTF-8"?>
<!-- Generated by org.testng.reporters.JUnitReportReporter -->
<testsuite hostname="DESKTOP-OGFK6VP" failures="0" tests="1" name="com.orange.Utils.LoadObjectRepoWeb" time="0.370" errors="0" timestamp="2024-03-21T01:07:42 IST" skipped="0">
  <testcase classname="com.orange.Utils.LoadObjectRepoWeb" name="getLocators" time="0.370"/>
  <system-out/>
</testsuite> <!-- com.orange.Utils.LoadObjectRepoWeb -->
