<?xml version="1.0" encoding="UTF-8"?>
<!-- Generated by org.testng.reporters.JUnitReportReporter -->
<testsuite hostname="DESKTOP-OGFK6VP" failures="0" tests="1" name="seleniumexamples.Taponwebsit" time="13.787" errors="0" timestamp="2024-04-02T15:31:21 IST" skipped="0">
  <testcase classname="seleniumexamples.Taponwebsit" name="tap" time="13.787"/>
  <system-out/>
</testsuite> <!-- seleniumexamples.Taponwebsit -->
