<?xml version="1.0" encoding="UTF-8"?>
<!-- Generated by org.testng.reporters.JUnitReportReporter -->
<testsuite hostname="DESKTOP-OGFK6VP" failures="0" tests="1" name="working.pack.Sample" time="6.348" errors="0" timestamp="2024-03-22T15:28:41 IST" skipped="0">
  <testcase classname="working.pack.Sample" name="test1" time="6.348"/>
  <system-out/>
</testsuite> <!-- working.pack.Sample -->
