<?xml version="1.0" encoding="UTF-8"?>
<!-- Generated by org.testng.reporters.JUnitReportReporter -->
<testsuite hostname="DESKTOP-OGFK6VP" failures="0" tests="1" name="seleniumexamples.WaitExamples" time="10.349" errors="0" timestamp="2024-03-30T20:23:30 IST" skipped="0">
  <testcase classname="seleniumexamples.WaitExamples" name="impliwaitex" time="10.349"/>
  <system-out/>
</testsuite> <!-- seleniumexamples.WaitExamples -->
