<?xml version="1.0" encoding="UTF-8"?>
<!-- Generated by org.testng.reporters.JUnitReportReporter -->
<testsuite hostname="DESKTOP-OGFK6VP" failures="0" tests="1" name="working.pack.Edition067_Zoom_Touch_Gestures" time="41.337" errors="0" timestamp="2024-06-20T21:10:03 IST" skipped="0">
  <testcase classname="working.pack.Edition067_Zoom_Touch_Gestures" name="ZoomInAndOut" time="41.337"/>
  <system-out/>
</testsuite> <!-- working.pack.Edition067_Zoom_Touch_Gestures -->
